Arguments: 
  /Users/wh1tecat/.nodebrew/node/v8.11.2/bin/node /usr/local/Cellar/yarn/1.7.0/libexec/bin/yarn.js init

PATH: 
  /Users/wh1tecat/Downloads/google-cloud-sdk/bin:/Users/wh1tecat/.rbenv/shims:/Users/wh1tecat/.pyenv/shims:/usr/local/Cellar/php/7.2.4/bin:/Users/wh1tecat/.pyenv/bin:/Users/wh1tecat/.nodebrew/current/bin:/usr/local/bin:/usr/bin:/bin:/usr/sbin:/sbin:/usr/local/share/dotnet:/Library/Frameworks/Mono.framework/Versions/Current/Commands:/Applications/Wireshark.app/Contents/MacOS:/Users/wh1tecat/.nodebrew/current/bin:/Users/wh1tecat/Documents/Arduino/esp32/xtensa-esp32-elf/bin:/Users/wh1tecat/Desktop/curon/koala/node_modules/.bin:/Users/wh1tecat/.composer/vendor/bin:/usr/local/sbin

Yarn version: 
  1.7.0

Node version: 
  8.11.2

Platform: 
  darwin x64

Trace: 
  Error: canceled
      at Interface.<anonymous> (/usr/local/Cellar/yarn/1.7.0/libexec/lib/cli.js:131036:13)
      at emitNone (events.js:106:13)
      at Interface.emit (events.js:208:7)
      at Interface._ttyWrite (readline.js:774:16)
      at ReadStream.onkeypress (readline.js:158:10)
      at emitTwo (events.js:126:13)
      at ReadStream.emit (events.js:214:7)
      at emitKeys (internal/readline.js:420:14)
      at emitKeys.next (<anonymous>)
      at ReadStream.onData (readline.js:1010:36)

npm manifest: 
  No manifest

yarn manifest: 
  No manifest

Lockfile: 
  No lockfile
